  AnimacionSencilla.cpp
C:\Users\alan1\Documents\Inge\Semestre 9\Labo_Compu_Grafica\Repositorio\315253173_Proyecto_Gpo12\ProyectoFinal\ProyectoFinal\AnimacionSencilla.cpp(321,24): warning C4244: 'inicializando': conversión de 'double' a 'GLfloat'; posible pérdida de datos
C:\Users\alan1\Documents\Inge\Semestre 9\Labo_Compu_Grafica\Repositorio\315253173_Proyecto_Gpo12\ProyectoFinal\ProyectoFinal\AnimacionSencilla.cpp(356,20): warning C4244: '=': conversión de 'double' a 'T'; posible pérdida de datos
          with
          [
              T=float
          ]
C:\Users\alan1\Documents\Inge\Semestre 9\Labo_Compu_Grafica\Repositorio\315253173_Proyecto_Gpo12\ProyectoFinal\ProyectoFinal\AnimacionSencilla.cpp(357,20): warning C4244: '=': conversión de 'double' a 'T'; posible pérdida de datos
          with
          [
              T=float
          ]
C:\Users\alan1\Documents\Inge\Semestre 9\Labo_Compu_Grafica\Repositorio\315253173_Proyecto_Gpo12\ProyectoFinal\ProyectoFinal\AnimacionSencilla.cpp(358,20): warning C4244: '=': conversión de 'double' a 'T'; posible pérdida de datos
          with
          [
              T=float
          ]
C:\Users\alan1\Documents\Inge\Semestre 9\Labo_Compu_Grafica\Repositorio\315253173_Proyecto_Gpo12\ProyectoFinal\ProyectoFinal\AnimacionSencilla.cpp(478,23): warning C4244: '=': conversión de 'double' a 'float'; posible pérdida de datos
C:\Users\alan1\Documents\Inge\Semestre 9\Labo_Compu_Grafica\Repositorio\315253173_Proyecto_Gpo12\ProyectoFinal\ProyectoFinal\AnimacionSencilla.cpp(630,11): warning C4244: '=': conversión de 'double' a 'GLfloat'; posible pérdida de datos
C:\Users\alan1\Documents\Inge\Semestre 9\Labo_Compu_Grafica\Repositorio\315253173_Proyecto_Gpo12\ProyectoFinal\ProyectoFinal\AnimacionSencilla.cpp(631,11): warning C4244: '=': conversión de 'double' a 'GLfloat'; posible pérdida de datos
C:\Users\alan1\Documents\Inge\Semestre 9\Labo_Compu_Grafica\Repositorio\315253173_Proyecto_Gpo12\ProyectoFinal\ProyectoFinal\AnimacionSencilla.cpp(635,18): warning C4244: 'inicializando': conversión de 'double' a 'GLfloat'; posible pérdida de datos
C:\Users\alan1\Documents\Inge\Semestre 9\Labo_Compu_Grafica\Repositorio\315253173_Proyecto_Gpo12\ProyectoFinal\ProyectoFinal\AnimacionSencilla.cpp(636,18): warning C4244: 'inicializando': conversión de 'double' a 'GLfloat'; posible pérdida de datos
C:\Users\alan1\Documents\Inge\Semestre 9\Labo_Compu_Grafica\Repositorio\315253173_Proyecto_Gpo12\ProyectoFinal\ProyectoFinal\AnimacionSencilla.cpp(638,10): warning C4244: '=': conversión de 'double' a 'GLfloat'; posible pérdida de datos
C:\Users\alan1\Documents\Inge\Semestre 9\Labo_Compu_Grafica\Repositorio\315253173_Proyecto_Gpo12\ProyectoFinal\ProyectoFinal\AnimacionSencilla.cpp(639,10): warning C4244: '=': conversión de 'double' a 'GLfloat'; posible pérdida de datos
  ProyectoFinal.vcxproj -> C:\Users\alan1\Documents\Inge\Semestre 9\Labo_Compu_Grafica\Repositorio\315253173_Proyecto_Gpo12\ProyectoFinal\Debug\ProyectoFinal.exe
